[2018-09-27T19:20:45.004] [ERROR] error - e:\code\n-js\q-apps\index.js { name: 'test',
  hostDir: 'test',
  dir: 'apps/test',
  isAutoLoad: true,
  fullHostDir: 'e:\\code\\n-js\\test\\apps/test' }
[2018-09-27T19:20:45.017] [ERROR] error - e:\code\n-js\q-apps\index.js { name: 'test',
  hostDir: 'test',
  dir: 'apps/test',
  isAutoLoad: true,
  fullHostDir: 'e:\\code\\n-js\\test\\apps/test' }
[2018-09-27T19:20:45.019] [ERROR] error - e:\code\n-js\q-apps\index.js { name: 'test',
  hostDir: 'test',
  dir: 'apps/test',
  isAutoLoad: true,
  fullHostDir: 'e:\\code\\n-js\\test\\apps/test' }
[2018-09-27T19:21:51.581] [ERROR] error - e:\code\n-js\q-apps\index.js { name: 'test',
  hostDir: 'test',
  dir: '/apps/test',
  isAutoLoad: true,
  fullHostDir: 'e:\\code\\n-js\\test\\/apps/test' }
[2018-09-27T19:21:51.625] [ERROR] error - e:\code\n-js\q-apps\index.js { name: 'test',
  hostDir: 'test',
  dir: '/apps/test',
  isAutoLoad: true,
  fullHostDir: 'e:\\code\\n-js\\test\\/apps/test' }
[2018-09-27T19:21:51.630] [ERROR] error - e:\code\n-js\q-apps\index.js { name: 'test',
  hostDir: 'test',
  dir: '/apps/test',
  isAutoLoad: true,
  fullHostDir: 'e:\\code\\n-js\\test\\/apps/test' }
[2018-09-27T19:23:02.612] [ERROR] error - e:\code\n-js\q-apps\index.js { name: 'test',
  hostDir: 'test',
  dir: 'apps/test',
  isAutoLoad: true,
  fullHostDir: 'e:\\code\\n-js\\test\\apps/test' }
[2018-09-27T19:23:02.621] [ERROR] error - e:\code\n-js\q-apps\index.js { name: 'test',
  hostDir: 'test',
  dir: 'apps/test',
  isAutoLoad: true,
  fullHostDir: 'e:\\code\\n-js\\test\\apps/test' }
[2018-09-27T19:23:02.624] [ERROR] error - e:\code\n-js\q-apps\index.js { name: 'test',
  hostDir: 'test',
  dir: 'apps/test',
  isAutoLoad: true,
  fullHostDir: 'e:\\code\\n-js\\test\\apps/test' }
